<?xml version="1.0" encoding="UTF-8" ?>
<testsuite tests="12" failures="0" name="runner.TestRunner" time="0" errors="0" skipped="0">
  <properties>
[...]
</properties>
  <testcase classname="Scenario: Check basic feature for website-SauceLabs.com" name="Given user is already on login page" time="0"/>
  <testcase classname="Scenario: Check basic feature for website-SauceLabs.com" name="When title of the page is Swag Labs" time="0"/>
  <testcase classname="Scenario: Check basic feature for website-SauceLabs.com" name="When user enters username and password" time="0"/>
  <testcase classname="Scenario: Check basic feature for website-SauceLabs.com" name="And user clicks on Login button" time="0"/>
  <testcase classname="Scenario: Check basic feature for website-SauceLabs.com" name="When user clicks on sort container button" time="0"/>
  <testcase classname="Scenario: Check basic feature for website-SauceLabs.com" name="And user selects cheapest &amp; the second costliest product" time="0"/>
  <testcase classname="Scenario: Check basic feature for website-SauceLabs.com" name="Then user opens the basket" time="0"/>
  <testcase classname="Scenario: Check basic feature for website-SauceLabs.com" name="And user clicks on checkout button" time="0"/>
  <testcase classname="Scenario: Check basic feature for website-SauceLabs.com" name="Then user enter details and finish the purchase" time="0"/>
  <testcase classname="Scenario: Check basic feature for website-SauceLabs.com" name="Then user verifies the order confirmation" time="0"/>
  <testcase classname="Scenario: Check basic feature for website-SauceLabs.com" name="Then user veriies no of iframes on this page" time="0"/>
  <testcase classname="Scenario: Check basic feature for website-SauceLabs.com" name="Scenario: Check basic feature for website-SauceLabs.com" time="0"/>
</testsuite>